<?xml version="1.0" encoding="UTF-8"?>
<testng-results skipped="9" failed="0" total="9" passed="0">
  <reporter-output>
  </reporter-output>
  <suite name="Default suite" duration-ms="3581" started-at="2015-11-19T11:32:11Z" finished-at="2015-11-19T11:32:15Z">
    <groups>
    </groups>
    <test name="Default test" duration-ms="3581" started-at="2015-11-19T11:32:11Z" finished-at="2015-11-19T11:32:15Z">
      <class name="com.quickride.scripts.NewUserRegTest">
        <test-method status="PASS" signature="setobjects()[pri:0, instance:com.quickride.scripts.NewUserRegTest@61862a7f]" name="setobjects" is-config="true" duration-ms="15" started-at="2015-11-19T17:02:11Z" finished-at="2015-11-19T17:02:11Z">
          <reporter-output>
          </reporter-output>
        </test-method> <!-- setobjects -->
        <test-method status="FAIL" signature="setUp()[pri:0, instance:com.quickride.scripts.NewUserRegTest@61862a7f]" name="setUp" is-config="true" duration-ms="0" started-at="2015-11-19T17:02:11Z" finished-at="2015-11-19T17:02:11Z">
          <exception class="org.openqa.selenium.remote.UnreachableBrowserException">
            <message>
              <![CDATA[Could not start a new session. Possible causes are invalid address of the remote server or browser start-up failure.
Build info: version: '2.47.1', revision: 'unknown', time: '2015-07-30 11:02:44'
System info: host: 'CBT-076', ip: '10.10.5.26', os.name: 'Windows 8.1', os.arch: 'amd64', os.version: '6.3', java.version: '1.8.0_60'
Driver info: driver.version: AndroidDriver]]>
            </message>
            <full-stacktrace>
              <![CDATA[org.openqa.selenium.remote.UnreachableBrowserException: Could not start a new session. Possible causes are invalid address of the remote server or browser start-up failure.
Build info: version: '2.47.1', revision: 'unknown', time: '2015-07-30 11:02:44'
System info: host: 'CBT-076', ip: '10.10.5.26', os.name: 'Windows 8.1', os.arch: 'amd64', os.version: '6.3', java.version: '1.8.0_60'
Driver info: driver.version: AndroidDriver
	at org.openqa.selenium.remote.RemoteWebDriver.execute(RemoteWebDriver.java:589)
	at io.appium.java_client.DefaultGenericMobileDriver.execute(DefaultGenericMobileDriver.java:42)
	at io.appium.java_client.AppiumDriver.execute(AppiumDriver.java:1)
	at io.appium.java_client.android.AndroidDriver.execute(AndroidDriver.java:1)
	at org.openqa.selenium.remote.RemoteWebDriver.startSession(RemoteWebDriver.java:242)
	at org.openqa.selenium.remote.RemoteWebDriver.<init>(RemoteWebDriver.java:128)
	at org.openqa.selenium.remote.RemoteWebDriver.<init>(RemoteWebDriver.java:141)
	at io.appium.java_client.DefaultGenericMobileDriver.<init>(DefaultGenericMobileDriver.java:37)
	at io.appium.java_client.AppiumDriver.<init>(AppiumDriver.java:160)
	at io.appium.java_client.AppiumDriver.<init>(AppiumDriver.java:168)
	at io.appium.java_client.android.AndroidDriver.<init>(AndroidDriver.java:69)
	at com.quickride.baselib.QRBaseLib.setUp(QRBaseLib.java:62)
	at sun.reflect.NativeMethodAccessorImpl.invoke0(Native Method)
	at sun.reflect.NativeMethodAccessorImpl.invoke(NativeMethodAccessorImpl.java:62)
	at sun.reflect.DelegatingMethodAccessorImpl.invoke(DelegatingMethodAccessorImpl.java:43)
	at java.lang.reflect.Method.invoke(Method.java:497)
	at org.testng.internal.MethodInvocationHelper.invokeMethod(MethodInvocationHelper.java:85)
	at org.testng.internal.Invoker.invokeConfigurationMethod(Invoker.java:517)
	at org.testng.internal.Invoker.invokeConfigurations(Invoker.java:213)
	at org.testng.internal.Invoker.invokeMethod(Invoker.java:601)
	at org.testng.internal.Invoker.invokeTestMethod(Invoker.java:845)
	at org.testng.internal.Invoker.invokeTestMethods(Invoker.java:1153)
	at org.testng.internal.TestMethodWorker.invokeTestMethods(TestMethodWorker.java:125)
	at org.testng.internal.TestMethodWorker.run(TestMethodWorker.java:108)
	at org.testng.TestRunner.privateRun(TestRunner.java:771)
	at org.testng.TestRunner.run(TestRunner.java:621)
	at org.testng.SuiteRunner.runTest(SuiteRunner.java:357)
	at org.testng.SuiteRunner.runSequentially(SuiteRunner.java:352)
	at org.testng.SuiteRunner.privateRun(SuiteRunner.java:310)
	at org.testng.SuiteRunner.run(SuiteRunner.java:259)
	at org.testng.SuiteRunnerWorker.runSuite(SuiteRunnerWorker.java:52)
	at org.testng.SuiteRunnerWorker.run(SuiteRunnerWorker.java:86)
	at org.testng.TestNG.runSuitesSequentially(TestNG.java:1199)
	at org.testng.TestNG.runSuitesLocally(TestNG.java:1124)
	at org.testng.TestNG.run(TestNG.java:1032)
	at org.testng.remote.RemoteTestNG.run(RemoteTestNG.java:111)
	at org.testng.remote.RemoteTestNG.initAndRun(RemoteTestNG.java:204)
	at org.testng.remote.RemoteTestNG.main(RemoteTestNG.java:175)
Caused by: org.openqa.selenium.WebDriverException: org.apache.http.conn.HttpHostConnectException: Connect to 127.0.0.1:4723 [/127.0.0.1] failed: Connection refused: connect
Build info: version: '2.47.1', revision: 'unknown', time: '2015-07-30 11:02:44'
System info: host: 'CBT-076', ip: '10.10.5.26', os.name: 'Windows 8.1', os.arch: 'amd64', os.version: '6.3', java.version: '1.8.0_60'
Driver info: driver.version: AndroidDriver
	at io.appium.java_client.remote.AppiumCommandExecutor.execute(AppiumCommandExecutor.java:64)
	at org.openqa.selenium.remote.RemoteWebDriver.execute(RemoteWebDriver.java:568)
	... 37 more
Caused by: org.apache.http.conn.HttpHostConnectException: Connect to 127.0.0.1:4723 [/127.0.0.1] failed: Connection refused: connect
	at org.apache.http.impl.conn.HttpClientConnectionOperator.connect(HttpClientConnectionOperator.java:140)
	at org.apache.http.impl.conn.PoolingHttpClientConnectionManager.connect(PoolingHttpClientConnectionManager.java:314)
	at org.apache.http.impl.execchain.MainClientExec.establishRoute(MainClientExec.java:363)
	at org.apache.http.impl.execchain.MainClientExec.execute(MainClientExec.java:219)
	at org.apache.http.impl.execchain.ProtocolExec.execute(ProtocolExec.java:195)
	at org.apache.http.impl.execchain.RetryExec.execute(RetryExec.java:86)
	at org.apache.http.impl.execchain.RedirectExec.execute(RedirectExec.java:108)
	at org.apache.http.impl.client.InternalHttpClient.doExecute(InternalHttpClient.java:186)
	at org.apache.http.impl.client.CloseableHttpClient.execute(CloseableHttpClient.java:72)
	at org.apache.http.impl.client.CloseableHttpClient.execute(CloseableHttpClient.java:57)
	at org.openqa.selenium.remote.internal.ApacheHttpClient.fallBackExecute(ApacheHttpClient.java:143)
	at org.openqa.selenium.remote.internal.ApacheHttpClient.execute(ApacheHttpClient.java:89)
	at org.openqa.selenium.remote.HttpCommandExecutor.execute(HttpCommandExecutor.java:134)
	at io.appium.java_client.remote.AppiumCommandExecutor.execute(AppiumCommandExecutor.java:52)
	... 38 more
Caused by: java.net.ConnectException: Connection refused: connect
	at java.net.DualStackPlainSocketImpl.waitForConnect(Native Method)
	at java.net.DualStackPlainSocketImpl.socketConnect(DualStackPlainSocketImpl.java:85)
	at java.net.AbstractPlainSocketImpl.doConnect(AbstractPlainSocketImpl.java:350)
	at java.net.AbstractPlainSocketImpl.connectToAddress(AbstractPlainSocketImpl.java:206)
	at java.net.AbstractPlainSocketImpl.connect(AbstractPlainSocketImpl.java:188)
	at java.net.PlainSocketImpl.connect(PlainSocketImpl.java:172)
	at java.net.SocksSocketImpl.connect(SocksSocketImpl.java:392)
	at java.net.Socket.connect(Socket.java:589)
	at org.apache.http.conn.socket.PlainConnectionSocketFactory.connectSocket(PlainConnectionSocketFactory.java:72)
	at org.apache.http.impl.conn.HttpClientConnectionOperator.connect(HttpClientConnectionOperator.java:117)
	... 51 more
]]>
            </full-stacktrace>
          </exception> <!-- org.openqa.selenium.remote.UnreachableBrowserException -->
          <reporter-output>
          </reporter-output>
        </test-method> <!-- setUp -->
        <test-method status="SKIP" signature="testNewUserSignUP()[pri:0, instance:com.quickride.scripts.NewUserRegTest@61862a7f]" name="testNewUserSignUP" duration-ms="1" started-at="2015-11-19T17:02:15Z" finished-at="2015-11-19T17:02:15Z">
          <reporter-output>
          </reporter-output>
        </test-method> <!-- testNewUserSignUP -->
        <test-method status="SKIP" signature="tearDown()[pri:0, instance:com.quickride.scripts.NewUserRegTest@61862a7f]" name="tearDown" is-config="true" duration-ms="0" started-at="2015-11-19T17:02:15Z" finished-at="2015-11-19T17:02:15Z">
          <reporter-output>
          </reporter-output>
        </test-method> <!-- tearDown -->
        <test-method status="SKIP" signature="setUp()[pri:0, instance:com.quickride.scripts.NewUserRegTest@61862a7f]" name="setUp" is-config="true" duration-ms="0" started-at="2015-11-19T17:02:15Z" finished-at="2015-11-19T17:02:15Z">
          <reporter-output>
          </reporter-output>
        </test-method> <!-- setUp -->
        <test-method status="SKIP" signature="testSignUpIncomplete()[pri:0, instance:com.quickride.scripts.NewUserRegTest@61862a7f]" name="testSignUpIncomplete" duration-ms="1" started-at="2015-11-19T17:02:15Z" finished-at="2015-11-19T17:02:15Z">
          <reporter-output>
          </reporter-output>
        </test-method> <!-- testSignUpIncomplete -->
        <test-method status="SKIP" signature="tearDown()[pri:0, instance:com.quickride.scripts.NewUserRegTest@61862a7f]" name="tearDown" is-config="true" duration-ms="0" started-at="2015-11-19T17:02:15Z" finished-at="2015-11-19T17:02:15Z">
          <reporter-output>
          </reporter-output>
        </test-method> <!-- tearDown -->
        <test-method status="SKIP" signature="setUp()[pri:0, instance:com.quickride.scripts.NewUserRegTest@61862a7f]" name="setUp" is-config="true" duration-ms="0" started-at="2015-11-19T17:02:15Z" finished-at="2015-11-19T17:02:15Z">
          <reporter-output>
          </reporter-output>
        </test-method> <!-- setUp -->
        <test-method status="SKIP" signature="testSignUpErrCode()[pri:0, instance:com.quickride.scripts.NewUserRegTest@61862a7f]" name="testSignUpErrCode" duration-ms="1" started-at="2015-11-19T17:02:15Z" finished-at="2015-11-19T17:02:15Z">
          <reporter-output>
          </reporter-output>
        </test-method> <!-- testSignUpErrCode -->
        <test-method status="SKIP" signature="tearDown()[pri:0, instance:com.quickride.scripts.NewUserRegTest@61862a7f]" name="tearDown" is-config="true" duration-ms="0" started-at="2015-11-19T17:02:15Z" finished-at="2015-11-19T17:02:15Z">
          <reporter-output>
          </reporter-output>
        </test-method> <!-- tearDown -->
        <test-method status="SKIP" signature="setUp()[pri:0, instance:com.quickride.scripts.NewUserRegTest@61862a7f]" name="setUp" is-config="true" duration-ms="0" started-at="2015-11-19T17:02:15Z" finished-at="2015-11-19T17:02:15Z">
          <reporter-output>
          </reporter-output>
        </test-method> <!-- setUp -->
        <test-method status="SKIP" signature="testSignUpSameUser()[pri:0, instance:com.quickride.scripts.NewUserRegTest@61862a7f]" name="testSignUpSameUser" duration-ms="1" started-at="2015-11-19T17:02:15Z" finished-at="2015-11-19T17:02:15Z">
          <reporter-output>
          </reporter-output>
        </test-method> <!-- testSignUpSameUser -->
        <test-method status="SKIP" signature="tearDown()[pri:0, instance:com.quickride.scripts.NewUserRegTest@61862a7f]" name="tearDown" is-config="true" duration-ms="0" started-at="2015-11-19T17:02:15Z" finished-at="2015-11-19T17:02:15Z">
          <reporter-output>
          </reporter-output>
        </test-method> <!-- tearDown -->
        <test-method status="SKIP" signature="setUp()[pri:0, instance:com.quickride.scripts.NewUserRegTest@61862a7f]" name="setUp" is-config="true" duration-ms="0" started-at="2015-11-19T17:02:15Z" finished-at="2015-11-19T17:02:15Z">
          <reporter-output>
          </reporter-output>
        </test-method> <!-- setUp -->
        <test-method status="SKIP" signature="testLogoutReLogin()[pri:0, instance:com.quickride.scripts.NewUserRegTest@61862a7f]" name="testLogoutReLogin" duration-ms="1" started-at="2015-11-19T17:02:15Z" finished-at="2015-11-19T17:02:15Z">
          <reporter-output>
          </reporter-output>
        </test-method> <!-- testLogoutReLogin -->
        <test-method status="SKIP" signature="tearDown()[pri:0, instance:com.quickride.scripts.NewUserRegTest@61862a7f]" name="tearDown" is-config="true" duration-ms="0" started-at="2015-11-19T17:02:15Z" finished-at="2015-11-19T17:02:15Z">
          <reporter-output>
          </reporter-output>
        </test-method> <!-- tearDown -->
        <test-method status="SKIP" signature="setUp()[pri:0, instance:com.quickride.scripts.NewUserRegTest@61862a7f]" name="setUp" is-config="true" duration-ms="0" started-at="2015-11-19T17:02:15Z" finished-at="2015-11-19T17:02:15Z">
          <reporter-output>
          </reporter-output>
        </test-method> <!-- setUp -->
        <test-method status="SKIP" signature="testLoginWrongPwd()[pri:0, instance:com.quickride.scripts.NewUserRegTest@61862a7f]" name="testLoginWrongPwd" duration-ms="1" started-at="2015-11-19T17:02:15Z" finished-at="2015-11-19T17:02:15Z">
          <reporter-output>
          </reporter-output>
        </test-method> <!-- testLoginWrongPwd -->
        <test-method status="SKIP" signature="tearDown()[pri:0, instance:com.quickride.scripts.NewUserRegTest@61862a7f]" name="tearDown" is-config="true" duration-ms="0" started-at="2015-11-19T17:02:15Z" finished-at="2015-11-19T17:02:15Z">
          <reporter-output>
          </reporter-output>
        </test-method> <!-- tearDown -->
        <test-method status="SKIP" signature="setUp()[pri:0, instance:com.quickride.scripts.NewUserRegTest@61862a7f]" name="setUp" is-config="true" duration-ms="0" started-at="2015-11-19T17:02:15Z" finished-at="2015-11-19T17:02:15Z">
          <reporter-output>
          </reporter-output>
        </test-method> <!-- setUp -->
        <test-method status="SKIP" signature="testCloseReOpenQR()[pri:0, instance:com.quickride.scripts.NewUserRegTest@61862a7f]" name="testCloseReOpenQR" duration-ms="1" started-at="2015-11-19T17:02:15Z" finished-at="2015-11-19T17:02:15Z">
          <reporter-output>
          </reporter-output>
        </test-method> <!-- testCloseReOpenQR -->
        <test-method status="SKIP" signature="tearDown()[pri:0, instance:com.quickride.scripts.NewUserRegTest@61862a7f]" name="tearDown" is-config="true" duration-ms="0" started-at="2015-11-19T17:02:15Z" finished-at="2015-11-19T17:02:15Z">
          <reporter-output>
          </reporter-output>
        </test-method> <!-- tearDown -->
        <test-method status="SKIP" signature="setUp()[pri:0, instance:com.quickride.scripts.NewUserRegTest@61862a7f]" name="setUp" is-config="true" duration-ms="0" started-at="2015-11-19T17:02:15Z" finished-at="2015-11-19T17:02:15Z">
          <reporter-output>
          </reporter-output>
        </test-method> <!-- setUp -->
        <test-method status="SKIP" signature="testNewUserSignUPProfile()[pri:0, instance:com.quickride.scripts.NewUserRegTest@61862a7f]" name="testNewUserSignUPProfile" duration-ms="1" started-at="2015-11-19T17:02:15Z" finished-at="2015-11-19T17:02:15Z">
          <reporter-output>
          </reporter-output>
        </test-method> <!-- testNewUserSignUPProfile -->
        <test-method status="SKIP" signature="tearDown()[pri:0, instance:com.quickride.scripts.NewUserRegTest@61862a7f]" name="tearDown" is-config="true" duration-ms="0" started-at="2015-11-19T17:02:15Z" finished-at="2015-11-19T17:02:15Z">
          <reporter-output>
          </reporter-output>
        </test-method> <!-- tearDown -->
        <test-method status="SKIP" signature="setUp()[pri:0, instance:com.quickride.scripts.NewUserRegTest@61862a7f]" name="setUp" is-config="true" duration-ms="0" started-at="2015-11-19T17:02:15Z" finished-at="2015-11-19T17:02:15Z">
          <reporter-output>
          </reporter-output>
        </test-method> <!-- setUp -->
        <test-method status="SKIP" signature="tearDown()[pri:0, instance:com.quickride.scripts.NewUserRegTest@61862a7f]" name="tearDown" is-config="true" duration-ms="0" started-at="2015-11-19T17:02:15Z" finished-at="2015-11-19T17:02:15Z">
          <reporter-output>
          </reporter-output>
        </test-method> <!-- tearDown -->
        <test-method status="SKIP" signature="testLogoutNoVerifyQuickRide()[pri:0, instance:com.quickride.scripts.NewUserRegTest@61862a7f]" name="testLogoutNoVerifyQuickRide" duration-ms="0" started-at="2015-11-19T17:02:15Z" finished-at="2015-11-19T17:02:15Z">
          <reporter-output>
          </reporter-output>
        </test-method> <!-- testLogoutNoVerifyQuickRide -->
      </class> <!-- com.quickride.scripts.NewUserRegTest -->
    </test> <!-- Default test -->
  </suite> <!-- Default suite -->
</testng-results>
